<?xml version="1.0" encoding="UTF-8"?>
<testsuite time='0.000015' skipped='0' failures='0' errors='0' name="ProbeTest" assertions='1' tests='1' timestamp="2024-07-13T16:25:45+00:00">
  <testcase time='0.000015' file="test/prober_test.rb" name="test_ready" assertions='1'>
  </testcase>
</testsuite>
